2016-01-22 06:47:26.595+0000 INFO  [o.n.k.i.f.CommunityFacadeFactory] No locking implementation specified, defaulting to 'community'
2016-01-22 06:47:26.678+0000 INFO  [o.n.k.AvailabilityGuard] Requirement makes database unavailable: Database available
2016-01-22 06:47:26.684+0000 INFO  [o.n.k.i.DiagnosticsManager] --- INITIALIZED diagnostics START ---
2016-01-22 06:47:26.684+0000 INFO  [o.n.k.i.DiagnosticsManager] Neo4j Kernel properties:
2016-01-22 06:47:26.684+0000 INFO  [o.n.k.i.DiagnosticsManager] dbms.security.auth_enabled=false
2016-01-22 06:47:26.685+0000 INFO  [o.n.k.i.DiagnosticsManager] edition=Community
2016-01-22 06:47:26.685+0000 INFO  [o.n.k.i.DiagnosticsManager] org.neo4j.server.http.log.enabled=false
2016-01-22 06:47:26.685+0000 INFO  [o.n.k.i.DiagnosticsManager] org.neo4j.server.webadmin.rrdb.location=data/rrd
2016-01-22 06:47:26.685+0000 INFO  [o.n.k.i.DiagnosticsManager] org.neo4j.server.db.tuning.properties=conf/neo4j.properties
2016-01-22 06:47:26.685+0000 INFO  [o.n.k.i.DiagnosticsManager] dbms.security.tls_certificate_file=conf/ssl/snakeoil.cert
2016-01-22 06:47:26.685+0000 INFO  [o.n.k.i.DiagnosticsManager] org.neo4j.server.webserver.https.keystore.location=data/keystore
2016-01-22 06:47:26.685+0000 INFO  [o.n.k.i.DiagnosticsManager] dbms.querylog.filename=data/log/queries.log
2016-01-22 06:47:26.685+0000 INFO  [o.n.k.i.DiagnosticsManager] dbms.security.tls_key_file=conf/ssl/snakeoil.key
2016-01-22 06:47:26.685+0000 INFO  [o.n.k.i.DiagnosticsManager] org.neo4j.server.database.location=data/graph.db
2016-01-22 06:47:26.685+0000 INFO  [o.n.k.i.DiagnosticsManager] remote_shell_enabled=true
2016-01-22 06:47:26.685+0000 INFO  [o.n.k.i.DiagnosticsManager] org.neo4j.server.webserver.https.port=7473
2016-01-22 06:47:26.686+0000 INFO  [o.n.k.i.DiagnosticsManager] org.neo4j.server.webserver.port=7474
2016-01-22 06:47:26.686+0000 INFO  [o.n.k.i.DiagnosticsManager] org.neo4j.server.webserver.https.enabled=true
2016-01-22 06:47:26.686+0000 INFO  [o.n.k.i.DiagnosticsManager] org.neo4j.server.http.log.config=conf/neo4j-http-logging.xml
2016-01-22 06:47:26.686+0000 INFO  [o.n.k.i.DiagnosticsManager] Diagnostics providers:
2016-01-22 06:47:26.686+0000 INFO  [o.n.k.i.DiagnosticsManager] org.neo4j.kernel.configuration.Config
2016-01-22 06:47:26.686+0000 INFO  [o.n.k.i.DiagnosticsManager] org.neo4j.kernel.info.DiagnosticsManager
2016-01-22 06:47:26.686+0000 INFO  [o.n.k.i.DiagnosticsManager] SYSTEM_MEMORY
2016-01-22 06:47:26.686+0000 INFO  [o.n.k.i.DiagnosticsManager] JAVA_MEMORY
2016-01-22 06:47:26.686+0000 INFO  [o.n.k.i.DiagnosticsManager] OPERATING_SYSTEM
2016-01-22 06:47:26.686+0000 INFO  [o.n.k.i.DiagnosticsManager] JAVA_VIRTUAL_MACHINE
2016-01-22 06:47:26.686+0000 INFO  [o.n.k.i.DiagnosticsManager] CLASSPATH
2016-01-22 06:47:26.686+0000 INFO  [o.n.k.i.DiagnosticsManager] LIBRARY_PATH
2016-01-22 06:47:26.686+0000 INFO  [o.n.k.i.DiagnosticsManager] SYSTEM_PROPERTIES
2016-01-22 06:47:26.686+0000 INFO  [o.n.k.i.DiagnosticsManager] NETWORK
2016-01-22 06:47:26.686+0000 INFO  [o.n.k.i.DiagnosticsManager] System memory information:
2016-01-22 06:47:26.689+0000 INFO  [o.n.k.i.DiagnosticsManager] Total Physical memory: 8.00 GB
2016-01-22 06:47:26.690+0000 INFO  [o.n.k.i.DiagnosticsManager] Free Physical memory: 26.59 MB
2016-01-22 06:47:26.690+0000 INFO  [o.n.k.i.DiagnosticsManager] Committed virtual memory: 5.80 GB
2016-01-22 06:47:26.691+0000 INFO  [o.n.k.i.DiagnosticsManager] Total swap space: 1.00 GB
2016-01-22 06:47:26.691+0000 INFO  [o.n.k.i.DiagnosticsManager] Free swap space: 726.75 MB
2016-01-22 06:47:26.691+0000 INFO  [o.n.k.i.DiagnosticsManager] JVM memory information:
2016-01-22 06:47:26.691+0000 INFO  [o.n.k.i.DiagnosticsManager] Free  memory: 69.61 MB
2016-01-22 06:47:26.691+0000 INFO  [o.n.k.i.DiagnosticsManager] Total memory: 128.00 MB
2016-01-22 06:47:26.691+0000 INFO  [o.n.k.i.DiagnosticsManager] Max   memory: 2.00 GB
2016-01-22 06:47:26.696+0000 INFO  [o.n.k.i.DiagnosticsManager] Garbage Collector: G1 Young Generation: [G1 Eden Space, G1 Survivor Space]
2016-01-22 06:47:26.696+0000 INFO  [o.n.k.i.DiagnosticsManager] Garbage Collector: G1 Old Generation: [G1 Eden Space, G1 Survivor Space, G1 Old Gen]
2016-01-22 06:47:26.697+0000 INFO  [o.n.k.i.DiagnosticsManager] Memory Pool: Code Cache (Non-heap memory): committed=4.13 MB, used=4.07 MB, max=240.00 MB, threshold=0.00 B
2016-01-22 06:47:26.697+0000 INFO  [o.n.k.i.DiagnosticsManager] Memory Pool: Metaspace (Non-heap memory): committed=13.38 MB, used=12.92 MB, max=-1.00 B, threshold=0.00 B
2016-01-22 06:47:26.698+0000 INFO  [o.n.k.i.DiagnosticsManager] Memory Pool: Compressed Class Space (Non-heap memory): committed=1.88 MB, used=1.67 MB, max=1.00 GB, threshold=0.00 B
2016-01-22 06:47:26.698+0000 INFO  [o.n.k.i.DiagnosticsManager] Memory Pool: G1 Eden Space (Heap memory): committed=78.00 MB, used=47.00 MB, max=-1.00 B, threshold=?
2016-01-22 06:47:26.698+0000 INFO  [o.n.k.i.DiagnosticsManager] Memory Pool: G1 Survivor Space (Heap memory): committed=2.00 MB, used=2.00 MB, max=-1.00 B, threshold=?
2016-01-22 06:47:26.698+0000 INFO  [o.n.k.i.DiagnosticsManager] Memory Pool: G1 Old Gen (Heap memory): committed=48.00 MB, used=7.89 MB, max=2.00 GB, threshold=0.00 B
2016-01-22 06:47:26.698+0000 INFO  [o.n.k.i.DiagnosticsManager] Operating system information:
2016-01-22 06:47:26.699+0000 INFO  [o.n.k.i.DiagnosticsManager] Operating System: Mac OS X; version: 10.11.2; arch: x86_64; cpus: 4
2016-01-22 06:47:26.700+0000 INFO  [o.n.k.i.DiagnosticsManager] Max number of file descriptors: 10.00 kB
2016-01-22 06:47:26.700+0000 INFO  [o.n.k.i.DiagnosticsManager] Number of open file descriptors: 87.00 B
2016-01-22 06:47:26.713+0000 INFO  [o.n.k.i.DiagnosticsManager] Process id: 76331@Williams-MBP.attlocal.net
2016-01-22 06:47:26.713+0000 INFO  [o.n.k.i.DiagnosticsManager] Byte order: LITTLE_ENDIAN
2016-01-22 06:47:26.714+0000 INFO  [o.n.k.i.DiagnosticsManager] Local timezone: America/Los_Angeles
2016-01-22 06:47:26.714+0000 INFO  [o.n.k.i.DiagnosticsManager] JVM information:
2016-01-22 06:47:26.714+0000 INFO  [o.n.k.i.DiagnosticsManager] VM Name: Java HotSpot(TM) 64-Bit Server VM
2016-01-22 06:47:26.714+0000 INFO  [o.n.k.i.DiagnosticsManager] VM Vendor: Oracle Corporation
2016-01-22 06:47:26.714+0000 INFO  [o.n.k.i.DiagnosticsManager] VM Version: 25.71-b15
2016-01-22 06:47:26.714+0000 INFO  [o.n.k.i.DiagnosticsManager] JIT compiler: HotSpot 64-Bit Tiered Compilers
2016-01-22 06:47:26.715+0000 INFO  [o.n.k.i.DiagnosticsManager] VM Arguments: [-XX:+DisableExplicitGC, -Dorg.neo4j.server.properties=conf/neo4j-server.properties, -Dlog4j.configuration=file:conf/log4j.properties, -XX:+UseG1GC, -XX:-OmitStackTraceInFastThrow, -XX:hashCode=5, -Dneo4j.ext.udc.source=tarball, -Dneo4j.home=/Users/williambrinkert/Desktop/Ruby_Neo4j/neo4j/asset_portal/db/neo4j/development, -Dneo4j.instance=/Users/williambrinkert/Desktop/Ruby_Neo4j/neo4j/asset_portal/db/neo4j/development, -Dfile.encoding=UTF-8]
2016-01-22 06:47:26.715+0000 INFO  [o.n.k.i.DiagnosticsManager] Java classpath:
2016-01-22 06:47:26.721+0000 INFO  [o.n.k.i.DiagnosticsManager]  [classpath + loader.0] file:/Users/williambrinkert/Desktop/Ruby_Neo4j/neo4j/asset_portal/db/neo4j/development/system/lib/jsr311-api-1.1.2.r612.jar
2016-01-22 06:47:26.721+0000 INFO  [o.n.k.i.DiagnosticsManager]  [classpath + loader.0] file:/Users/williambrinkert/Desktop/Ruby_Neo4j/neo4j/asset_portal/db/neo4j/development/system/lib/neo4j-server-2.3.2-static-web.jar
2016-01-22 06:47:26.721+0000 INFO  [o.n.k.i.DiagnosticsManager]  [classpath + loader.0] file:/Users/williambrinkert/Desktop/Ruby_Neo4j/neo4j/asset_portal/db/neo4j/development/lib/neo4j-jmx-2.3.2.jar
2016-01-22 06:47:26.721+0000 INFO  [o.n.k.i.DiagnosticsManager]  [loader.1] file:/Library/Java/JavaVirtualMachines/jdk1.8.0_71.jdk/Contents/Home/jre/lib/ext/sunpkcs11.jar
2016-01-22 06:47:26.721+0000 INFO  [o.n.k.i.DiagnosticsManager]  [classpath + loader.0] file:/Users/williambrinkert/Desktop/Ruby_Neo4j/neo4j/asset_portal/db/neo4j/development/system/lib/neo4j-browser-2.3.2.jar
2016-01-22 06:47:26.721+0000 INFO  [o.n.k.i.DiagnosticsManager]  [bootstrap] /Library/Java/JavaVirtualMachines/jdk1.8.0_71.jdk/Contents/Home/jre/lib/rt.jar
2016-01-22 06:47:26.722+0000 INFO  [o.n.k.i.DiagnosticsManager]  [classpath + loader.0] file:/Users/williambrinkert/Desktop/Ruby_Neo4j/neo4j/asset_portal/db/neo4j/development/lib/neo4j-shell-2.3.2.jar
2016-01-22 06:47:26.722+0000 INFO  [o.n.k.i.DiagnosticsManager]  [classpath + loader.0] file:/Users/williambrinkert/Desktop/Ruby_Neo4j/neo4j/asset_portal/db/neo4j/development/lib/scala-reflect-2.11.7.jar
2016-01-22 06:47:26.722+0000 INFO  [o.n.k.i.DiagnosticsManager]  [classpath + loader.0] file:/Users/williambrinkert/Desktop/Ruby_Neo4j/neo4j/asset_portal/db/neo4j/development/system/lib/mimepull-1.9.3.jar
2016-01-22 06:47:26.722+0000 INFO  [o.n.k.i.DiagnosticsManager]  [classpath + loader.0] file:/Users/williambrinkert/Desktop/Ruby_Neo4j/neo4j/asset_portal/db/neo4j/development/lib/neo4j-cypher-compiler-2.2_2.11-2.2.6.jar
2016-01-22 06:47:26.722+0000 INFO  [o.n.k.i.DiagnosticsManager]  [bootstrap] /Library/Java/JavaVirtualMachines/jdk1.8.0_71.jdk/Contents/Home/jre/lib/jsse.jar
2016-01-22 06:47:26.722+0000 INFO  [o.n.k.i.DiagnosticsManager]  [classpath + loader.0] file:/Users/williambrinkert/Desktop/Ruby_Neo4j/neo4j/asset_portal/db/neo4j/development/lib/neo4j-graph-algo-2.3.2.jar
2016-01-22 06:47:26.722+0000 INFO  [o.n.k.i.DiagnosticsManager]  [classpath + loader.0] file:/Users/williambrinkert/Desktop/Ruby_Neo4j/neo4j/asset_portal/db/neo4j/development/lib/neo4j-io-2.3.2.jar
2016-01-22 06:47:26.722+0000 INFO  [o.n.k.i.DiagnosticsManager]  [classpath + loader.0] file:/Users/williambrinkert/Desktop/Ruby_Neo4j/neo4j/asset_portal/db/neo4j/development/lib/concurrentlinkedhashmap-lru-1.4.2.jar
2016-01-22 06:47:26.722+0000 INFO  [o.n.k.i.DiagnosticsManager]  [classpath + loader.0] file:/Users/williambrinkert/Desktop/Ruby_Neo4j/neo4j/asset_portal/db/neo4j/development/lib/lucene-core-3.6.2.jar
2016-01-22 06:47:26.722+0000 INFO  [o.n.k.i.DiagnosticsManager]  [classpath + loader.0] file:/Users/williambrinkert/Desktop/Ruby_Neo4j/neo4j/asset_portal/db/neo4j/development/system/lib/jetty-xml-9.2.4.v20141103.jar
2016-01-22 06:47:26.722+0000 INFO  [o.n.k.i.DiagnosticsManager]  [bootstrap] /Library/Java/JavaVirtualMachines/jdk1.8.0_71.jdk/Contents/Home/jre/lib/sunrsasign.jar
2016-01-22 06:47:26.722+0000 INFO  [o.n.k.i.DiagnosticsManager]  [classpath + loader.0] file:/Users/williambrinkert/Desktop/Ruby_Neo4j/neo4j/asset_portal/db/neo4j/development/lib/neo4j-csv-2.3.2.jar
2016-01-22 06:47:26.722+0000 INFO  [o.n.k.i.DiagnosticsManager]  [classpath + loader.0] file:/Users/williambrinkert/Desktop/Ruby_Neo4j/neo4j/asset_portal/db/neo4j/development/system/lib/netty-all-4.0.28.Final.jar
2016-01-22 06:47:26.722+0000 INFO  [o.n.k.i.DiagnosticsManager]  [classpath + loader.0] file:/Users/williambrinkert/Desktop/Ruby_Neo4j/neo4j/asset_portal/db/neo4j/development/lib/neo4j-graph-matching-2.3.2.jar
2016-01-22 06:47:26.722+0000 INFO  [o.n.k.i.DiagnosticsManager]  [classpath + loader.0] file:/Users/williambrinkert/Desktop/Ruby_Neo4j/neo4j/asset_portal/db/neo4j/development/lib/opencsv-2.3.jar
2016-01-22 06:47:26.722+0000 INFO  [o.n.k.i.DiagnosticsManager]  [classpath + loader.0] file:/Users/williambrinkert/Desktop/Ruby_Neo4j/neo4j/asset_portal/db/neo4j/development/lib/scala-library-2.11.7.jar
2016-01-22 06:47:26.722+0000 INFO  [o.n.k.i.DiagnosticsManager]  [classpath + loader.0] file:/Users/williambrinkert/Desktop/Ruby_Neo4j/neo4j/asset_portal/db/neo4j/development/lib/neo4j-lucene-index-2.3.2.jar
2016-01-22 06:47:26.723+0000 INFO  [o.n.k.i.DiagnosticsManager]  [classpath + loader.0] file:/Users/williambrinkert/Desktop/Ruby_Neo4j/neo4j/asset_portal/db/neo4j/development/system/lib/logback-core-1.1.2.jar
2016-01-22 06:47:26.723+0000 INFO  [o.n.k.i.DiagnosticsManager]  [classpath + loader.0] file:/Users/williambrinkert/Desktop/Ruby_Neo4j/neo4j/asset_portal/db/neo4j/development/lib/jline-2.12.jar
2016-01-22 06:47:26.723+0000 INFO  [o.n.k.i.DiagnosticsManager]  [classpath + loader.0] file:/Users/williambrinkert/Desktop/Ruby_Neo4j/neo4j/asset_portal/db/neo4j/development/lib/neo4j-cypher-2.3.2.jar
2016-01-22 06:47:26.723+0000 INFO  [o.n.k.i.DiagnosticsManager]  [classpath + loader.0] file:/Users/williambrinkert/Desktop/Ruby_Neo4j/neo4j/asset_portal/db/neo4j/development/lib/neo4j-consistency-check-2.3.2.jar
2016-01-22 06:47:26.723+0000 INFO  [o.n.k.i.DiagnosticsManager]  [classpath + loader.0] file:/Users/williambrinkert/Desktop/Ruby_Neo4j/neo4j/asset_portal/db/neo4j/development/system/lib/commons-beanutils-1.8.3.jar
2016-01-22 06:47:26.723+0000 INFO  [o.n.k.i.DiagnosticsManager]  [classpath + loader.0] file:/Users/williambrinkert/Desktop/Ruby_Neo4j/neo4j/asset_portal/db/neo4j/development/lib/neo4j-kernel-2.3.2.jar
2016-01-22 06:47:26.723+0000 INFO  [o.n.k.i.DiagnosticsManager]  [classpath + loader.0] file:/Users/williambrinkert/Desktop/Ruby_Neo4j/neo4j/asset_portal/db/neo4j/development/system/lib/jetty-http-9.2.4.v20141103.jar
2016-01-22 06:47:26.723+0000 INFO  [o.n.k.i.DiagnosticsManager]  [classpath + loader.0] file:/Users/williambrinkert/Desktop/Ruby_Neo4j/neo4j/asset_portal/db/neo4j/development/system/lib/slf4j-api-1.7.6.jar
2016-01-22 06:47:26.723+0000 INFO  [o.n.k.i.DiagnosticsManager]  [classpath + loader.0] file:/Users/williambrinkert/Desktop/Ruby_Neo4j/neo4j/asset_portal/db/neo4j/development/lib/scala-parser-combinators_2.11-1.0.4.jar
2016-01-22 06:47:26.723+0000 INFO  [o.n.k.i.DiagnosticsManager]  [classpath + loader.0] file:/Users/williambrinkert/Desktop/Ruby_Neo4j/neo4j/asset_portal/db/neo4j/development/system/lib/jetty-io-9.2.4.v20141103.jar
2016-01-22 06:47:26.723+0000 INFO  [o.n.k.i.DiagnosticsManager]  [classpath + loader.0] file:/Users/williambrinkert/Desktop/Ruby_Neo4j/neo4j/asset_portal/db/neo4j/development/lib/neo4j-codegen-2.3.2.jar
2016-01-22 06:47:26.723+0000 INFO  [o.n.k.i.DiagnosticsManager]  [classpath + loader.0] file:/Users/williambrinkert/Desktop/Ruby_Neo4j/neo4j/asset_portal/db/neo4j/development/system/lib/jetty-webapp-9.2.4.v20141103.jar
2016-01-22 06:47:26.723+0000 INFO  [o.n.k.i.DiagnosticsManager]  [bootstrap] /Library/Java/JavaVirtualMachines/jdk1.8.0_71.jdk/Contents/Home/jre/lib/resources.jar
2016-01-22 06:47:26.723+0000 INFO  [o.n.k.i.DiagnosticsManager]  [bootstrap] /Library/Java/JavaVirtualMachines/jdk1.8.0_71.jdk/Contents/Home/jre/lib/jfr.jar
2016-01-22 06:47:26.723+0000 INFO  [o.n.k.i.DiagnosticsManager]  [classpath + loader.0] file:/Users/williambrinkert/Desktop/Ruby_Neo4j/neo4j/asset_portal/db/neo4j/development/system/lib/jersey-core-1.19.jar
2016-01-22 06:47:26.723+0000 INFO  [o.n.k.i.DiagnosticsManager]  [classpath + loader.0] file:/Users/williambrinkert/Desktop/Ruby_Neo4j/neo4j/asset_portal/db/neo4j/development/system/lib/logback-classic-1.1.2.jar
2016-01-22 06:47:26.723+0000 INFO  [o.n.k.i.DiagnosticsManager]  [classpath + loader.0] file:/Users/williambrinkert/Desktop/Ruby_Neo4j/neo4j/asset_portal/db/neo4j/development/lib/neo4j-consistency-check-legacy-2.3.2.jar
2016-01-22 06:47:26.723+0000 INFO  [o.n.k.i.DiagnosticsManager]  [classpath + loader.0] file:/Users/williambrinkert/Desktop/Ruby_Neo4j/neo4j/asset_portal/db/neo4j/development/system/lib/commons-digester-2.1.jar
2016-01-22 06:47:26.723+0000 INFO  [o.n.k.i.DiagnosticsManager]  [classpath + loader.0] file:/Users/williambrinkert/Desktop/Ruby_Neo4j/neo4j/asset_portal/db/neo4j/development/lib/server-api-2.3.2.jar
2016-01-22 06:47:26.723+0000 INFO  [o.n.k.i.DiagnosticsManager]  [loader.1] file:/System/Library/Java/Extensions/MRJToolkit.jar
2016-01-22 06:47:26.723+0000 INFO  [o.n.k.i.DiagnosticsManager]  [classpath + loader.0] file:/Users/williambrinkert/Desktop/Ruby_Neo4j/neo4j/asset_portal/db/neo4j/development/system/lib/jetty-util-9.2.4.v20141103.jar
2016-01-22 06:47:26.723+0000 INFO  [o.n.k.i.DiagnosticsManager]  [classpath + loader.0] file:/Users/williambrinkert/Desktop/Ruby_Neo4j/neo4j/asset_portal/db/neo4j/development/lib/neo4j-cypher-frontend-2.3-2.3.2.jar
2016-01-22 06:47:26.724+0000 INFO  [o.n.k.i.DiagnosticsManager]  [classpath + loader.0] file:/Users/williambrinkert/Desktop/Ruby_Neo4j/neo4j/asset_portal/db/neo4j/development/system/lib/neo4j-server-2.3.2.jar
2016-01-22 06:47:26.724+0000 INFO  [o.n.k.i.DiagnosticsManager]  [classpath + loader.0] file:/Users/williambrinkert/Desktop/Ruby_Neo4j/neo4j/asset_portal/db/neo4j/development/system/lib/rhino-1.7R4.jar
2016-01-22 06:47:26.724+0000 INFO  [o.n.k.i.DiagnosticsManager]  [classpath + loader.0] file:/Users/williambrinkert/Desktop/Ruby_Neo4j/neo4j/asset_portal/db/neo4j/development/lib/neo4j-udc-2.3.2.jar
2016-01-22 06:47:26.724+0000 INFO  [o.n.k.i.DiagnosticsManager]  [classpath + loader.0] file:/Users/williambrinkert/Desktop/Ruby_Neo4j/neo4j/asset_portal/db/neo4j/development/system/lib/jackson-core-asl-1.9.13.jar
2016-01-22 06:47:26.724+0000 INFO  [o.n.k.i.DiagnosticsManager]  [loader.1] file:/Library/Java/JavaVirtualMachines/jdk1.8.0_71.jdk/Contents/Home/jre/lib/ext/jfxrt.jar
2016-01-22 06:47:26.724+0000 INFO  [o.n.k.i.DiagnosticsManager]  [loader.1] file:/Library/Java/JavaVirtualMachines/jdk1.8.0_71.jdk/Contents/Home/jre/lib/ext/zipfs.jar
2016-01-22 06:47:26.724+0000 INFO  [o.n.k.i.DiagnosticsManager]  [classpath + loader.0] file:/Users/williambrinkert/Desktop/Ruby_Neo4j/neo4j/asset_portal/db/neo4j/development/lib/parboiled-scala_2.11-1.1.7.jar
2016-01-22 06:47:26.724+0000 INFO  [o.n.k.i.DiagnosticsManager]  [classpath + loader.0] file:/Users/williambrinkert/Desktop/Ruby_Neo4j/neo4j/asset_portal/db/neo4j/development/system/lib/jetty-servlet-9.2.4.v20141103.jar
2016-01-22 06:47:26.724+0000 INFO  [o.n.k.i.DiagnosticsManager]  [classpath + loader.0] file:/Users/williambrinkert/Desktop/Ruby_Neo4j/neo4j/asset_portal/db/neo4j/development/lib/neo4j-function-2.3.2.jar
2016-01-22 06:47:26.724+0000 INFO  [o.n.k.i.DiagnosticsManager]  [classpath + loader.0] file:/Users/williambrinkert/Desktop/Ruby_Neo4j/neo4j/asset_portal/db/neo4j/development/system/lib/jersey-servlet-1.19.jar
2016-01-22 06:47:26.724+0000 INFO  [o.n.k.i.DiagnosticsManager]  [classpath + loader.0] file:/Users/williambrinkert/Desktop/Ruby_Neo4j/neo4j/asset_portal/db/neo4j/development/system/lib/jackson-mapper-asl-1.9.13.jar
2016-01-22 06:47:26.724+0000 INFO  [o.n.k.i.DiagnosticsManager]  [loader.1] file:/Library/Java/JavaVirtualMachines/jdk1.8.0_71.jdk/Contents/Home/jre/lib/ext/sunec.jar
2016-01-22 06:47:26.724+0000 INFO  [o.n.k.i.DiagnosticsManager]  [classpath + loader.0] file:/Users/williambrinkert/Desktop/Ruby_Neo4j/neo4j/asset_portal/db/neo4j/development/system/lib/commons-logging-1.1.1.jar
2016-01-22 06:47:26.724+0000 INFO  [o.n.k.i.DiagnosticsManager]  [loader.1] file:/Library/Java/JavaVirtualMachines/jdk1.8.0_71.jdk/Contents/Home/jre/lib/ext/jaccess.jar
2016-01-22 06:47:26.724+0000 INFO  [o.n.k.i.DiagnosticsManager]  [classpath + loader.0] file:/Users/williambrinkert/Desktop/Ruby_Neo4j/neo4j/asset_portal/db/neo4j/development/system/lib/asm-5.0.2.jar
2016-01-22 06:47:26.724+0000 INFO  [o.n.k.i.DiagnosticsManager]  [bootstrap] /Library/Java/JavaVirtualMachines/jdk1.8.0_71.jdk/Contents/Home/jre/lib/charsets.jar
2016-01-22 06:47:26.724+0000 INFO  [o.n.k.i.DiagnosticsManager]  [classpath + loader.0] file:/Users/williambrinkert/Desktop/Ruby_Neo4j/neo4j/asset_portal/db/neo4j/development/system/lib/commons-lang-2.6.jar
2016-01-22 06:47:26.724+0000 INFO  [o.n.k.i.DiagnosticsManager]  [classpath + loader.0] file:/Users/williambrinkert/Desktop/Ruby_Neo4j/neo4j/asset_portal/db/neo4j/development/system/lib/bcprov-jdk15on-1.52.jar
2016-01-22 06:47:26.724+0000 INFO  [o.n.k.i.DiagnosticsManager]  [classpath + loader.0] file:/Users/williambrinkert/Desktop/Ruby_Neo4j/neo4j/asset_portal/db/neo4j/development/system/lib/javax.servlet-api-3.1.0.jar
2016-01-22 06:47:26.725+0000 INFO  [o.n.k.i.DiagnosticsManager]  [classpath + loader.0] file:/Users/williambrinkert/Desktop/Ruby_Neo4j/neo4j/asset_portal/db/neo4j/development/system/lib/jetty-server-9.2.4.v20141103.jar
2016-01-22 06:47:26.725+0000 INFO  [o.n.k.i.DiagnosticsManager]  [classpath + loader.0] file:/Users/williambrinkert/Desktop/Ruby_Neo4j/neo4j/asset_portal/db/neo4j/development/system/lib/bcpkix-jdk15on-1.52.jar
2016-01-22 06:47:26.725+0000 INFO  [o.n.k.i.DiagnosticsManager]  [classpath + loader.0] file:/Users/williambrinkert/Desktop/Ruby_Neo4j/neo4j/asset_portal/db/neo4j/development/system/lib/rrd4j-2.2.jar
2016-01-22 06:47:26.725+0000 INFO  [o.n.k.i.DiagnosticsManager]  [classpath + loader.0] file:/Users/williambrinkert/Desktop/Ruby_Neo4j/neo4j/asset_portal/db/neo4j/development/system/lib/jersey-multipart-1.19.jar
2016-01-22 06:47:26.725+0000 INFO  [o.n.k.i.DiagnosticsManager]  [classpath + loader.0] file:/Users/williambrinkert/Desktop/Ruby_Neo4j/neo4j/asset_portal/db/neo4j/development/system/lib/jersey-server-1.19.jar
2016-01-22 06:47:26.725+0000 INFO  [o.n.k.i.DiagnosticsManager]  [loader.1] file:/Library/Java/JavaVirtualMachines/jdk1.8.0_71.jdk/Contents/Home/jre/lib/ext/sunjce_provider.jar
2016-01-22 06:47:26.725+0000 INFO  [o.n.k.i.DiagnosticsManager]  [classpath + loader.0] file:/Users/williambrinkert/Desktop/Ruby_Neo4j/neo4j/asset_portal/db/neo4j/development/conf/
2016-01-22 06:47:26.725+0000 INFO  [o.n.k.i.DiagnosticsManager]  [loader.1] file:/Library/Java/JavaVirtualMachines/jdk1.8.0_71.jdk/Contents/Home/jre/lib/ext/dnsns.jar
2016-01-22 06:47:26.725+0000 INFO  [o.n.k.i.DiagnosticsManager]  [classpath + loader.0] file:/Users/williambrinkert/Desktop/Ruby_Neo4j/neo4j/asset_portal/db/neo4j/development/lib/neo4j-primitive-collections-2.3.2.jar
2016-01-22 06:47:26.725+0000 INFO  [o.n.k.i.DiagnosticsManager]  [loader.1] file:/Library/Java/JavaVirtualMachines/jdk1.8.0_71.jdk/Contents/Home/jre/lib/ext/localedata.jar
2016-01-22 06:47:26.725+0000 INFO  [o.n.k.i.DiagnosticsManager]  [classpath + loader.0] file:/Users/williambrinkert/Desktop/Ruby_Neo4j/neo4j/asset_portal/db/neo4j/development/system/lib/jackson-jaxrs-1.9.13.jar
2016-01-22 06:47:26.725+0000 INFO  [o.n.k.i.DiagnosticsManager]  [loader.1] file:/Library/Java/JavaVirtualMachines/jdk1.8.0_71.jdk/Contents/Home/jre/lib/ext/nashorn.jar
2016-01-22 06:47:26.725+0000 INFO  [o.n.k.i.DiagnosticsManager]  [classpath + loader.0] file:/Users/williambrinkert/Desktop/Ruby_Neo4j/neo4j/asset_portal/db/neo4j/development/lib/neo4j-logging-2.3.2.jar
2016-01-22 06:47:26.725+0000 INFO  [o.n.k.i.DiagnosticsManager]  [loader.1] file:/Library/Java/JavaVirtualMachines/jdk1.8.0_71.jdk/Contents/Home/jre/lib/ext/cldrdata.jar
2016-01-22 06:47:26.725+0000 INFO  [o.n.k.i.DiagnosticsManager]  [classpath + loader.0] file:/Users/williambrinkert/Desktop/Ruby_Neo4j/neo4j/asset_portal/db/neo4j/development/system/lib/logback-access-1.1.2.jar
2016-01-22 06:47:26.725+0000 INFO  [o.n.k.i.DiagnosticsManager]  [classpath + loader.0] file:/Users/williambrinkert/Desktop/Ruby_Neo4j/neo4j/asset_portal/db/neo4j/development/system/lib/commons-configuration-1.10.jar
2016-01-22 06:47:26.725+0000 INFO  [o.n.k.i.DiagnosticsManager]  [classpath + loader.0] file:/Users/williambrinkert/Desktop/Ruby_Neo4j/neo4j/asset_portal/db/neo4j/development/lib/neo4j-cypher-compiler-1.9_2.11-2.0.5.jar
2016-01-22 06:47:26.725+0000 INFO  [o.n.k.i.DiagnosticsManager]  [classpath + loader.0] file:/Users/williambrinkert/Desktop/Ruby_Neo4j/neo4j/asset_portal/db/neo4j/development/system/lib/commons-io-2.4.jar
2016-01-22 06:47:26.725+0000 INFO  [o.n.k.i.DiagnosticsManager]  [classpath + loader.0] file:/Users/williambrinkert/Desktop/Ruby_Neo4j/neo4j/asset_portal/db/neo4j/development/lib/parboiled-core-1.1.7.jar
2016-01-22 06:47:26.725+0000 INFO  [o.n.k.i.DiagnosticsManager]  [bootstrap] /Library/Java/JavaVirtualMachines/jdk1.8.0_71.jdk/Contents/Home/jre/lib/jce.jar
2016-01-22 06:47:26.725+0000 INFO  [o.n.k.i.DiagnosticsManager]  [classpath + loader.0] file:/Users/williambrinkert/Desktop/Ruby_Neo4j/neo4j/asset_portal/db/neo4j/development/lib/commons-lang3-3.3.2.jar
2016-01-22 06:47:26.726+0000 INFO  [o.n.k.i.DiagnosticsManager]  [bootstrap] /Library/Java/JavaVirtualMachines/jdk1.8.0_71.jdk/Contents/Home/jre/classes
2016-01-22 06:47:26.726+0000 INFO  [o.n.k.i.DiagnosticsManager]  [classpath + loader.0] file:/Users/williambrinkert/Desktop/Ruby_Neo4j/neo4j/asset_portal/db/neo4j/development/lib/neo4j-import-tool-2.3.2.jar
2016-01-22 06:47:26.726+0000 INFO  [o.n.k.i.DiagnosticsManager]  [classpath + loader.0] file:/Users/williambrinkert/Desktop/Ruby_Neo4j/neo4j/asset_portal/db/neo4j/development/lib/neo4j-cypher-compiler-2.3-2.3.2.jar
2016-01-22 06:47:26.726+0000 INFO  [o.n.k.i.DiagnosticsManager]  [classpath + loader.0] file:/Users/williambrinkert/Desktop/Ruby_Neo4j/neo4j/asset_portal/db/neo4j/development/lib/neo4j-unsafe-2.3.2.jar
2016-01-22 06:47:26.726+0000 INFO  [o.n.k.i.DiagnosticsManager]  [classpath + loader.0] file:/Users/williambrinkert/Desktop/Ruby_Neo4j/neo4j/asset_portal/db/neo4j/development/system/lib/jetty-security-9.2.4.v20141103.jar
2016-01-22 06:47:26.726+0000 INFO  [o.n.k.i.DiagnosticsManager] Library path:
2016-01-22 06:47:26.726+0000 INFO  [o.n.k.i.DiagnosticsManager] /Users/williambrinkert/Library/Java/Extensions
2016-01-22 06:47:26.726+0000 INFO  [o.n.k.i.DiagnosticsManager] /Library/Java/Extensions
2016-01-22 06:47:26.726+0000 INFO  [o.n.k.i.DiagnosticsManager] /Network/Library/Java/Extensions
2016-01-22 06:47:26.726+0000 INFO  [o.n.k.i.DiagnosticsManager] /System/Library/Java/Extensions
2016-01-22 06:47:26.726+0000 INFO  [o.n.k.i.DiagnosticsManager] /usr/lib/java
2016-01-22 06:47:26.727+0000 INFO  [o.n.k.i.DiagnosticsManager] /Users/williambrinkert/Desktop/Ruby_Neo4j/neo4j/asset_portal/db/neo4j/development
2016-01-22 06:47:26.727+0000 INFO  [o.n.k.i.DiagnosticsManager] System.properties:
2016-01-22 06:47:26.727+0000 INFO  [o.n.k.i.DiagnosticsManager] sun.boot.library.path = /Library/Java/JavaVirtualMachines/jdk1.8.0_71.jdk/Contents/Home/jre/lib
2016-01-22 06:47:26.727+0000 INFO  [o.n.k.i.DiagnosticsManager] org.neo4j.server.properties = conf/neo4j-server.properties
2016-01-22 06:47:26.727+0000 INFO  [o.n.k.i.DiagnosticsManager] gopherProxySet = false
2016-01-22 06:47:26.727+0000 INFO  [o.n.k.i.DiagnosticsManager] path.separator = :
2016-01-22 06:47:26.727+0000 INFO  [o.n.k.i.DiagnosticsManager] file.encoding.pkg = sun.io
2016-01-22 06:47:26.727+0000 INFO  [o.n.k.i.DiagnosticsManager] user.country = US
2016-01-22 06:47:26.728+0000 INFO  [o.n.k.i.DiagnosticsManager] sun.java.launcher = SUN_STANDARD
2016-01-22 06:47:26.728+0000 INFO  [o.n.k.i.DiagnosticsManager] sun.os.patch.level = unknown
2016-01-22 06:47:26.728+0000 INFO  [o.n.k.i.DiagnosticsManager] user.dir = /Users/williambrinkert/Desktop/Ruby_Neo4j/neo4j/asset_portal/db/neo4j/development
2016-01-22 06:47:26.728+0000 INFO  [o.n.k.i.DiagnosticsManager] neo4j.ext.udc.source = tarball
2016-01-22 06:47:26.728+0000 INFO  [o.n.k.i.DiagnosticsManager] log4j.configuration = file:conf/log4j.properties
2016-01-22 06:47:26.728+0000 INFO  [o.n.k.i.DiagnosticsManager] sun.jnu.encoding = UTF-8
2016-01-22 06:47:26.728+0000 INFO  [o.n.k.i.DiagnosticsManager] sun.management.compiler = HotSpot 64-Bit Tiered Compilers
2016-01-22 06:47:26.728+0000 INFO  [o.n.k.i.DiagnosticsManager] http.nonProxyHosts = local|*.local|169.254/16|*.169.254/16
2016-01-22 06:47:26.728+0000 INFO  [o.n.k.i.DiagnosticsManager] user.home = /Users/williambrinkert
2016-01-22 06:47:26.728+0000 INFO  [o.n.k.i.DiagnosticsManager] user.timezone = America/Los_Angeles
2016-01-22 06:47:26.728+0000 INFO  [o.n.k.i.DiagnosticsManager] file.encoding = UTF-8
2016-01-22 06:47:26.728+0000 INFO  [o.n.k.i.DiagnosticsManager] user.name = williambrinkert
2016-01-22 06:47:26.728+0000 INFO  [o.n.k.i.DiagnosticsManager] sun.java.command = org.neo4j.server.CommunityBootstrapper
2016-01-22 06:47:26.728+0000 INFO  [o.n.k.i.DiagnosticsManager] sun.arch.data.model = 64
2016-01-22 06:47:26.728+0000 INFO  [o.n.k.i.DiagnosticsManager] user.language = en
2016-01-22 06:47:26.728+0000 INFO  [o.n.k.i.DiagnosticsManager] awt.toolkit = sun.lwawt.macosx.LWCToolkit
2016-01-22 06:47:26.728+0000 INFO  [o.n.k.i.DiagnosticsManager] file.separator = /
2016-01-22 06:47:26.728+0000 INFO  [o.n.k.i.DiagnosticsManager] sun.io.unicode.encoding = UnicodeBig
2016-01-22 06:47:26.728+0000 INFO  [o.n.k.i.DiagnosticsManager] sun.cpu.endian = little
2016-01-22 06:47:26.729+0000 INFO  [o.n.k.i.DiagnosticsManager] socksNonProxyHosts = local|*.local|169.254/16|*.169.254/16
2016-01-22 06:47:26.729+0000 INFO  [o.n.k.i.DiagnosticsManager] neo4j.instance = /Users/williambrinkert/Desktop/Ruby_Neo4j/neo4j/asset_portal/db/neo4j/development
2016-01-22 06:47:26.729+0000 INFO  [o.n.k.i.DiagnosticsManager] ftp.nonProxyHosts = local|*.local|169.254/16|*.169.254/16
2016-01-22 06:47:26.729+0000 INFO  [o.n.k.i.DiagnosticsManager] neo4j.home = /Users/williambrinkert/Desktop/Ruby_Neo4j/neo4j/asset_portal/db/neo4j/development
2016-01-22 06:47:26.729+0000 INFO  [o.n.k.i.DiagnosticsManager] sun.cpu.isalist = 
2016-01-22 06:47:26.729+0000 INFO  [o.n.k.i.DiagnosticsManager] Network information:
2016-01-22 06:47:26.735+0000 INFO  [o.n.k.i.DiagnosticsManager] Interface utun0:
2016-01-22 06:47:26.735+0000 INFO  [o.n.k.i.DiagnosticsManager]     address: fe80:0:0:0:160b:62cf:ee59:e957%utun0
2016-01-22 06:47:26.735+0000 INFO  [o.n.k.i.DiagnosticsManager] Interface awdl0:
2016-01-22 06:47:26.735+0000 INFO  [o.n.k.i.DiagnosticsManager]     address: fe80:0:0:0:4439:40ff:feb5:5e09%awdl0
2016-01-22 06:47:26.735+0000 INFO  [o.n.k.i.DiagnosticsManager] Interface en0:
2016-01-22 06:47:26.735+0000 INFO  [o.n.k.i.DiagnosticsManager]     address: 2602:304:b304:c1a0:0:0:0:48
2016-01-22 06:47:26.735+0000 INFO  [o.n.k.i.DiagnosticsManager]     address: 2602:304:b304:c1a0:2c1c:734b:b992:6739
2016-01-22 06:47:26.736+0000 INFO  [o.n.k.i.DiagnosticsManager]     address: 2602:304:b304:c1a0:aebc:32ff:fecd:ad35
2016-01-22 06:47:26.736+0000 INFO  [o.n.k.i.DiagnosticsManager]     address: fe80:0:0:0:aebc:32ff:fecd:ad35%en0
2016-01-22 06:47:26.736+0000 INFO  [o.n.k.i.DiagnosticsManager]     address: 192.168.1.165
2016-01-22 06:47:26.736+0000 INFO  [o.n.k.i.DiagnosticsManager] Interface lo0:
2016-01-22 06:47:26.736+0000 INFO  [o.n.k.i.DiagnosticsManager]     address: fe80:0:0:0:0:0:0:1%lo0
2016-01-22 06:47:26.736+0000 INFO  [o.n.k.i.DiagnosticsManager]     address: 0:0:0:0:0:0:0:1
2016-01-22 06:47:26.736+0000 INFO  [o.n.k.i.DiagnosticsManager]     address: 127.0.0.1
2016-01-22 06:47:26.736+0000 INFO  [o.n.k.i.DiagnosticsManager] --- INITIALIZED diagnostics END ---
2016-01-22 06:47:27.205+0000 INFO  [o.n.k.a.i.i.LuceneLabelScanStore] No lucene scan store index found, this might just be first use. Preparing to rebuild.
2016-01-22 06:47:27.280+0000 INFO  [o.n.k.NeoStoreDataSource] Opened logical log [/Users/williambrinkert/Desktop/Ruby_Neo4j/neo4j/asset_portal/db/neo4j/development/data/graph.db/neostore.transaction.db.0] version=0, lastTxId=1 (clean)
2016-01-22 06:47:27.287+0000 WARN  [o.n.k.i.s.MetaDataStore] Missing counts store, rebuilding it.
2016-01-22 06:47:27.438+0000 INFO  [o.n.k.a.i.i.LuceneLabelScanStore] Rebuilding lucene scan store, this may take a while
2016-01-22 06:47:27.441+0000 INFO  [o.n.k.a.i.i.LuceneLabelScanStore] Lucene scan store rebuilt (roughly -1 nodes)
2016-01-22 06:47:27.446+0000 INFO  [o.n.k.KernelHealth] Kernel health set to OK
2016-01-22 06:47:27.852+0000 INFO  [o.n.k.AvailabilityGuard] Fulfilling of requirement makes database available: Database available
2016-01-22 06:47:27.853+0000 INFO  [o.n.k.i.f.CommunityFacadeFactory] Database is now ready
2016-01-22 06:47:27.854+0000 INFO  [o.n.k.i.DiagnosticsManager] --- STARTED diagnostics for KernelDiagnostics:Versions START ---
2016-01-22 06:47:27.854+0000 INFO  [o.n.k.i.DiagnosticsManager] Graph Database: Community StoreId{creationTime=1453445247059, randomId=-4209511605068188515, storeVersion=15250506225055238, upgradeTime=1453445247059, upgradeId=1}
2016-01-22 06:47:27.854+0000 INFO  [o.n.k.i.DiagnosticsManager] Kernel version: 2.3.2,30a48a0
2016-01-22 06:47:27.854+0000 INFO  [o.n.k.i.DiagnosticsManager] --- STARTED diagnostics for KernelDiagnostics:Versions END ---
2016-01-22 06:47:27.856+0000 INFO  [o.n.k.i.DiagnosticsManager] --- STARTED diagnostics for NEO_STORE_VERSIONS START ---
2016-01-22 06:47:27.856+0000 INFO  [o.n.k.i.DiagnosticsManager] Store versions:
2016-01-22 06:47:27.856+0000 INFO  [o.n.k.i.DiagnosticsManager] Store versions:
2016-01-22 06:47:27.856+0000 INFO  [o.n.k.i.DiagnosticsManager] ArrayPropertyStore v0.A.6
2016-01-22 06:47:27.856+0000 INFO  [o.n.k.i.DiagnosticsManager] NodeStore v0.A.6
2016-01-22 06:47:27.856+0000 INFO  [o.n.k.i.DiagnosticsManager] StringPropertyStore v0.A.6
2016-01-22 06:47:27.856+0000 INFO  [o.n.k.i.DiagnosticsManager] PropertyIndexStore v0.A.6
2016-01-22 06:47:27.856+0000 INFO  [o.n.k.i.DiagnosticsManager] StringPropertyStore v0.A.6
2016-01-22 06:47:27.856+0000 INFO  [o.n.k.i.DiagnosticsManager] ArrayPropertyStore v0.A.6
2016-01-22 06:47:27.856+0000 INFO  [o.n.k.i.DiagnosticsManager] PropertyStore v0.A.6
2016-01-22 06:47:27.856+0000 INFO  [o.n.k.i.DiagnosticsManager] RelationshipStore v0.A.6
2016-01-22 06:47:27.856+0000 INFO  [o.n.k.i.DiagnosticsManager] StringPropertyStore v0.A.6
2016-01-22 06:47:27.856+0000 INFO  [o.n.k.i.DiagnosticsManager] RelationshipTypeStore v0.A.6
2016-01-22 06:47:27.856+0000 INFO  [o.n.k.i.DiagnosticsManager] StringPropertyStore v0.A.6
2016-01-22 06:47:27.856+0000 INFO  [o.n.k.i.DiagnosticsManager] LabelTokenStore v0.A.6
2016-01-22 06:47:27.856+0000 INFO  [o.n.k.i.DiagnosticsManager] SchemaStore v0.A.6
2016-01-22 06:47:27.856+0000 INFO  [o.n.k.i.DiagnosticsManager] RelationshipGroupStore v0.A.6
2016-01-22 06:47:27.857+0000 INFO  [o.n.k.i.DiagnosticsManager] NeoStore v0.A.6
2016-01-22 06:47:27.857+0000 INFO  [o.n.k.i.DiagnosticsManager] --- STARTED diagnostics for NEO_STORE_VERSIONS END ---
2016-01-22 06:47:27.857+0000 INFO  [o.n.k.i.DiagnosticsManager] --- STARTED diagnostics for NEO_STORE_ID_USAGE START ---
2016-01-22 06:47:27.857+0000 INFO  [o.n.k.i.DiagnosticsManager] Id usage:
2016-01-22 06:47:27.857+0000 INFO  [o.n.k.i.DiagnosticsManager] Id usage:
2016-01-22 06:47:27.857+0000 INFO  [o.n.k.i.DiagnosticsManager]   ArrayPropertyStore v0.A.6: used=1 high=0
2016-01-22 06:47:27.857+0000 INFO  [o.n.k.i.DiagnosticsManager]   NodeStore v0.A.6: used=0 high=-1
2016-01-22 06:47:27.857+0000 INFO  [o.n.k.i.DiagnosticsManager]   StringPropertyStore v0.A.6: used=1 high=0
2016-01-22 06:47:27.857+0000 INFO  [o.n.k.i.DiagnosticsManager]   PropertyIndexStore v0.A.6: used=0 high=-1
2016-01-22 06:47:27.857+0000 INFO  [o.n.k.i.DiagnosticsManager]   StringPropertyStore v0.A.6: used=1 high=0
2016-01-22 06:47:27.857+0000 INFO  [o.n.k.i.DiagnosticsManager]   ArrayPropertyStore v0.A.6: used=1 high=0
2016-01-22 06:47:27.857+0000 INFO  [o.n.k.i.DiagnosticsManager]   PropertyStore v0.A.6: used=0 high=-1
2016-01-22 06:47:27.857+0000 INFO  [o.n.k.i.DiagnosticsManager]   RelationshipStore v0.A.6: used=0 high=-1
2016-01-22 06:47:27.858+0000 INFO  [o.n.k.i.DiagnosticsManager]   StringPropertyStore v0.A.6: used=1 high=0
2016-01-22 06:47:27.858+0000 INFO  [o.n.k.i.DiagnosticsManager]   RelationshipTypeStore v0.A.6: used=0 high=-1
2016-01-22 06:47:27.858+0000 INFO  [o.n.k.i.DiagnosticsManager]   StringPropertyStore v0.A.6: used=1 high=0
2016-01-22 06:47:27.858+0000 INFO  [o.n.k.i.DiagnosticsManager]   LabelTokenStore v0.A.6: used=0 high=-1
2016-01-22 06:47:27.858+0000 INFO  [o.n.k.i.DiagnosticsManager]   SchemaStore v0.A.6: used=1 high=0
2016-01-22 06:47:27.858+0000 INFO  [o.n.k.i.DiagnosticsManager]   RelationshipGroupStore v0.A.6: used=1 high=0
2016-01-22 06:47:27.858+0000 INFO  [o.n.k.i.DiagnosticsManager]   NeoStore v0.A.6: used=13 high=12
2016-01-22 06:47:27.858+0000 INFO  [o.n.k.i.DiagnosticsManager] --- STARTED diagnostics for NEO_STORE_ID_USAGE END ---
2016-01-22 06:47:27.858+0000 INFO  [o.n.k.i.DiagnosticsManager] --- STARTED diagnostics for NEO_STORE_RECORDS START ---
2016-01-22 06:47:27.858+0000 INFO  [o.n.k.i.DiagnosticsManager] Neostore records:
2016-01-22 06:47:27.859+0000 INFO  [o.n.k.i.DiagnosticsManager] TIME (Creation time): 1453445247059
2016-01-22 06:47:27.859+0000 INFO  [o.n.k.i.DiagnosticsManager] RANDOM_NUMBER (Random number for store id): -4209511605068188515
2016-01-22 06:47:27.859+0000 INFO  [o.n.k.i.DiagnosticsManager] LOG_VERSION (Current log version): 0
2016-01-22 06:47:27.859+0000 INFO  [o.n.k.i.DiagnosticsManager] LAST_TRANSACTION_ID (Last committed transaction): 1
2016-01-22 06:47:27.859+0000 INFO  [o.n.k.i.DiagnosticsManager] STORE_VERSION (Store format version): 15250506225055238
2016-01-22 06:47:27.859+0000 INFO  [o.n.k.i.DiagnosticsManager] FIRST_GRAPH_PROPERTY (First property record containing graph properties): -1
2016-01-22 06:47:27.859+0000 INFO  [o.n.k.i.DiagnosticsManager] LAST_CONSTRAINT_TRANSACTION (Last committed transaction containing constraint changes): 0
2016-01-22 06:47:27.859+0000 INFO  [o.n.k.i.DiagnosticsManager] UPGRADE_TRANSACTION_ID (Transaction id most recent upgrade was performed at): 1
2016-01-22 06:47:27.859+0000 INFO  [o.n.k.i.DiagnosticsManager] UPGRADE_TIME (Time of last upgrade): 1453445247059
2016-01-22 06:47:27.859+0000 INFO  [o.n.k.i.DiagnosticsManager] LAST_TRANSACTION_CHECKSUM (Checksum of last committed transaction): 0
2016-01-22 06:47:27.859+0000 INFO  [o.n.k.i.DiagnosticsManager] UPGRADE_TRANSACTION_CHECKSUM (Checksum of transaction id the most recent upgrade was performed at): 0
2016-01-22 06:47:27.860+0000 INFO  [o.n.k.i.DiagnosticsManager] LAST_CLOSED_TRANSACTION_LOG_VERSION (Log version where the last transaction commit entry has been written into): 0
2016-01-22 06:47:27.860+0000 INFO  [o.n.k.i.DiagnosticsManager] LAST_CLOSED_TRANSACTION_LOG_BYTE_OFFSET (Byte offset in the log file where the last transaction commit entry has been written into): 16
2016-01-22 06:47:27.860+0000 INFO  [o.n.k.i.DiagnosticsManager] --- STARTED diagnostics for NEO_STORE_RECORDS END ---
2016-01-22 06:47:27.860+0000 INFO  [o.n.k.i.DiagnosticsManager] --- STARTED diagnostics for TRANSACTION_RANGE START ---
2016-01-22 06:47:27.860+0000 INFO  [o.n.k.i.DiagnosticsManager] Transaction log:
2016-01-22 06:47:27.860+0000 INFO  [o.n.k.i.DiagnosticsManager] No transactions found in any log
2016-01-22 06:47:27.860+0000 INFO  [o.n.k.i.DiagnosticsManager] --- STARTED diagnostics for TRANSACTION_RANGE END ---
2016-01-22 06:47:27.861+0000 INFO  [o.n.k.i.DiagnosticsManager] --- STARTED diagnostics for KernelDiagnostics:StoreFiles START ---
2016-01-22 06:47:27.861+0000 INFO  [o.n.k.i.DiagnosticsManager] Disk space on partition (Total / Free / Free %): 249779191808 / 207327424512 / 83
Storage files: (filename : modification date - size)
2016-01-22 06:47:27.862+0000 INFO  [o.n.k.i.DiagnosticsManager]   index:
2016-01-22 06:47:27.862+0000 INFO  [o.n.k.i.DiagnosticsManager]   - Total: 2016-01-21T22:47:27-0800 - 0.00 B
2016-01-22 06:47:27.862+0000 INFO  [o.n.k.i.DiagnosticsManager]   messages.log: 2016-01-21T22:47:27-0800 - 37.96 kB
2016-01-22 06:47:27.863+0000 INFO  [o.n.k.i.DiagnosticsManager]   neostore: 2016-01-21T22:47:27-0800 - 8.00 kB
2016-01-22 06:47:27.863+0000 INFO  [o.n.k.i.DiagnosticsManager]   neostore.counts.db.a: 2016-01-21T22:47:27-0800 - 96.00 B
2016-01-22 06:47:27.863+0000 INFO  [o.n.k.i.DiagnosticsManager]   neostore.id: 2016-01-21T22:47:27-0800 - 9.00 B
2016-01-22 06:47:27.863+0000 INFO  [o.n.k.i.DiagnosticsManager]   neostore.labeltokenstore.db: 2016-01-21T22:47:27-0800 - 0.00 B
2016-01-22 06:47:27.863+0000 INFO  [o.n.k.i.DiagnosticsManager]   neostore.labeltokenstore.db.id: 2016-01-21T22:47:27-0800 - 9.00 B
2016-01-22 06:47:27.863+0000 INFO  [o.n.k.i.DiagnosticsManager]   neostore.labeltokenstore.db.names: 2016-01-21T22:47:27-0800 - 8.00 kB
2016-01-22 06:47:27.864+0000 INFO  [o.n.k.i.DiagnosticsManager]   neostore.labeltokenstore.db.names.id: 2016-01-21T22:47:27-0800 - 9.00 B
2016-01-22 06:47:27.864+0000 INFO  [o.n.k.i.DiagnosticsManager]   neostore.nodestore.db: 2016-01-21T22:47:26-0800 - 0.00 B
2016-01-22 06:47:27.864+0000 INFO  [o.n.k.i.DiagnosticsManager]   neostore.nodestore.db.id: 2016-01-21T22:47:26-0800 - 9.00 B
2016-01-22 06:47:27.864+0000 INFO  [o.n.k.i.DiagnosticsManager]   neostore.nodestore.db.labels: 2016-01-21T22:47:26-0800 - 8.00 kB
2016-01-22 06:47:27.864+0000 INFO  [o.n.k.i.DiagnosticsManager]   neostore.nodestore.db.labels.id: 2016-01-21T22:47:26-0800 - 9.00 B
2016-01-22 06:47:27.864+0000 INFO  [o.n.k.i.DiagnosticsManager]   neostore.propertystore.db: 2016-01-21T22:47:26-0800 - 0.00 B
2016-01-22 06:47:27.864+0000 INFO  [o.n.k.i.DiagnosticsManager]   neostore.propertystore.db.arrays: 2016-01-21T22:47:26-0800 - 8.00 kB
2016-01-22 06:47:27.864+0000 INFO  [o.n.k.i.DiagnosticsManager]   neostore.propertystore.db.arrays.id: 2016-01-21T22:47:26-0800 - 9.00 B
2016-01-22 06:47:27.864+0000 INFO  [o.n.k.i.DiagnosticsManager]   neostore.propertystore.db.id: 2016-01-21T22:47:26-0800 - 9.00 B
2016-01-22 06:47:27.865+0000 INFO  [o.n.k.i.DiagnosticsManager]   neostore.propertystore.db.index: 2016-01-21T22:47:26-0800 - 0.00 B
2016-01-22 06:47:27.865+0000 INFO  [o.n.k.i.DiagnosticsManager]   neostore.propertystore.db.index.id: 2016-01-21T22:47:26-0800 - 9.00 B
2016-01-22 06:47:27.865+0000 INFO  [o.n.k.i.DiagnosticsManager]   neostore.propertystore.db.index.keys: 2016-01-21T22:47:26-0800 - 8.00 kB
2016-01-22 06:47:27.865+0000 INFO  [o.n.k.i.DiagnosticsManager]   neostore.propertystore.db.index.keys.id: 2016-01-21T22:47:26-0800 - 9.00 B
2016-01-22 06:47:27.865+0000 INFO  [o.n.k.i.DiagnosticsManager]   neostore.propertystore.db.strings: 2016-01-21T22:47:26-0800 - 8.00 kB
2016-01-22 06:47:27.865+0000 INFO  [o.n.k.i.DiagnosticsManager]   neostore.propertystore.db.strings.id: 2016-01-21T22:47:26-0800 - 9.00 B
2016-01-22 06:47:27.866+0000 INFO  [o.n.k.i.DiagnosticsManager]   neostore.relationshipgroupstore.db: 2016-01-21T22:47:27-0800 - 8.00 kB
2016-01-22 06:47:27.866+0000 INFO  [o.n.k.i.DiagnosticsManager]   neostore.relationshipgroupstore.db.id: 2016-01-21T22:47:27-0800 - 9.00 B
2016-01-22 06:47:27.866+0000 INFO  [o.n.k.i.DiagnosticsManager]   neostore.relationshipstore.db: 2016-01-21T22:47:27-0800 - 0.00 B
2016-01-22 06:47:27.866+0000 INFO  [o.n.k.i.DiagnosticsManager]   neostore.relationshipstore.db.id: 2016-01-21T22:47:27-0800 - 9.00 B
2016-01-22 06:47:27.866+0000 INFO  [o.n.k.i.DiagnosticsManager]   neostore.relationshiptypestore.db: 2016-01-21T22:47:27-0800 - 0.00 B
2016-01-22 06:47:27.867+0000 INFO  [o.n.k.i.DiagnosticsManager]   neostore.relationshiptypestore.db.id: 2016-01-21T22:47:27-0800 - 9.00 B
2016-01-22 06:47:27.867+0000 INFO  [o.n.k.i.DiagnosticsManager]   neostore.relationshiptypestore.db.names: 2016-01-21T22:47:27-0800 - 8.00 kB
2016-01-22 06:47:27.867+0000 INFO  [o.n.k.i.DiagnosticsManager]   neostore.relationshiptypestore.db.names.id: 2016-01-21T22:47:27-0800 - 9.00 B
2016-01-22 06:47:27.867+0000 INFO  [o.n.k.i.DiagnosticsManager]   neostore.schemastore.db: 2016-01-21T22:47:27-0800 - 8.00 kB
2016-01-22 06:47:27.868+0000 INFO  [o.n.k.i.DiagnosticsManager]   neostore.schemastore.db.id: 2016-01-21T22:47:27-0800 - 9.00 B
2016-01-22 06:47:27.868+0000 INFO  [o.n.k.i.DiagnosticsManager]   neostore.transaction.db.0: 2016-01-21T22:47:27-0800 - 16.00 B
2016-01-22 06:47:27.868+0000 INFO  [o.n.k.i.DiagnosticsManager]   schema:
2016-01-22 06:47:27.868+0000 INFO  [o.n.k.i.DiagnosticsManager]     label:
2016-01-22 06:47:27.868+0000 INFO  [o.n.k.i.DiagnosticsManager]       lucene:
2016-01-22 06:47:27.868+0000 INFO  [o.n.k.i.DiagnosticsManager]         write.lock: 2016-01-21T22:47:27-0800 - 0.00 B
2016-01-22 06:47:27.869+0000 INFO  [o.n.k.i.DiagnosticsManager]       - Total: 2016-01-21T22:47:27-0800 - 0.00 B
2016-01-22 06:47:27.869+0000 INFO  [o.n.k.i.DiagnosticsManager]     - Total: 2016-01-21T22:47:27-0800 - 0.00 B
2016-01-22 06:47:27.869+0000 INFO  [o.n.k.i.DiagnosticsManager]   - Total: 2016-01-21T22:47:27-0800 - 0.00 B
2016-01-22 06:47:27.869+0000 INFO  [o.n.k.i.DiagnosticsManager]   store_lock: 2016-01-21T22:47:26-0800 - 0.00 B
2016-01-22 06:47:27.869+0000 INFO  [o.n.k.i.DiagnosticsManager] --- STARTED diagnostics for KernelDiagnostics:StoreFiles END ---
2016-01-22 06:47:29.769+0000 INFO  [o.n.k.i.DiagnosticsManager] --- SERVER STARTED START ---
2016-01-22 06:47:31.384+0000 INFO  [o.n.k.i.DiagnosticsManager] --- SERVER STARTED END ---
