

Started GET "/" for ::1 at 2016-01-21 23:22:14 -0800
Processing by Rails::WelcomeController#index as HTML
  Rendered /Users/williambrinkert/.rbenv/versions/2.2.1/lib/ruby/gems/2.2.0/gems/railties-4.2.5/lib/rails/templates/rails/welcome/index.html.erb (1.8ms)
Completed 200 OK in 20ms (Views: 11.6ms | ActiveRecord: 0.0ms)


Started GET "/books" for ::1 at 2016-01-21 23:22:25 -0800
Processing by BooksController#index as HTML
  Rendered books/index.html.erb within layouts/application (4.8ms)
Completed 500 Internal Server Error in 32ms (ActiveRecord: 0.0ms)

ActionView::Template::Error (No session, please create a session first with Neo4j::Session.open(:server_db) or :embedded_db):
    15:   </thead>
    16: 
    17:   <tbody>
    18:     <% @books.each do |book| %>
    19:       <tr>
    20:         <td><%= book.isbn %></td>
    21:         <td><%= book.title %></td>
  app/views/books/index.html.erb:18:in `_app_views_books_index_html_erb___603852089929943604_70130940565240'


  Rendered /Users/williambrinkert/.rbenv/versions/2.2.1/lib/ruby/gems/2.2.0/gems/actionpack-4.2.5/lib/action_dispatch/middleware/templates/rescues/_source.erb (6.5ms)
  Rendered /Users/williambrinkert/.rbenv/versions/2.2.1/lib/ruby/gems/2.2.0/gems/actionpack-4.2.5/lib/action_dispatch/middleware/templates/rescues/_trace.html.erb (4.1ms)
  Rendered /Users/williambrinkert/.rbenv/versions/2.2.1/lib/ruby/gems/2.2.0/gems/actionpack-4.2.5/lib/action_dispatch/middleware/templates/rescues/_request_and_response.html.erb (0.8ms)
  Rendered /Users/williambrinkert/.rbenv/versions/2.2.1/lib/ruby/gems/2.2.0/gems/actionpack-4.2.5/lib/action_dispatch/middleware/templates/rescues/template_error.html.erb within rescues/layout (66.3ms)
  Rendered /Users/williambrinkert/.rbenv/versions/2.2.1/lib/ruby/gems/2.2.0/gems/web-console-2.2.1/lib/web_console/templates/_markup.html.erb (0.4ms)
  Rendered /Users/williambrinkert/.rbenv/versions/2.2.1/lib/ruby/gems/2.2.0/gems/web-console-2.2.1/lib/web_console/templates/_inner_console_markup.html.erb within layouts/inlined_string (0.5ms)
  Rendered /Users/williambrinkert/.rbenv/versions/2.2.1/lib/ruby/gems/2.2.0/gems/web-console-2.2.1/lib/web_console/templates/_prompt_box_markup.html.erb within layouts/inlined_string (0.5ms)
  Rendered /Users/williambrinkert/.rbenv/versions/2.2.1/lib/ruby/gems/2.2.0/gems/web-console-2.2.1/lib/web_console/templates/style.css.erb within layouts/inlined_string (0.3ms)
  Rendered /Users/williambrinkert/.rbenv/versions/2.2.1/lib/ruby/gems/2.2.0/gems/web-console-2.2.1/lib/web_console/templates/console.js.erb within layouts/javascript (60.3ms)
  Rendered /Users/williambrinkert/.rbenv/versions/2.2.1/lib/ruby/gems/2.2.0/gems/web-console-2.2.1/lib/web_console/templates/main.js.erb within layouts/javascript (0.3ms)
  Rendered /Users/williambrinkert/.rbenv/versions/2.2.1/lib/ruby/gems/2.2.0/gems/web-console-2.2.1/lib/web_console/templates/error_page.js.erb within layouts/javascript (0.7ms)
  Rendered /Users/williambrinkert/.rbenv/versions/2.2.1/lib/ruby/gems/2.2.0/gems/web-console-2.2.1/lib/web_console/templates/index.html.erb (134.1ms)


Started GET "/books" for ::1 at 2016-01-21 23:24:30 -0800
Processing by BooksController#index as HTML
  Rendered books/index.html.erb within layouts/application (15.8ms)
Completed 500 Internal Server Error in 43ms (ActiveRecord: 0.0ms)

ActionView::Template::Error (No session, please create a session first with Neo4j::Session.open(:server_db) or :embedded_db):
    15:   </thead>
    16: 
    17:   <tbody>
    18:     <% @books.each do |book| %>
    19:       <tr>
    20:         <td><%= book.isbn %></td>
    21:         <td><%= book.title %></td>
  app/views/books/index.html.erb:18:in `_app_views_books_index_html_erb__3119729696259566152_70135866429180'


  Rendered /Users/williambrinkert/.rbenv/versions/2.2.1/lib/ruby/gems/2.2.0/gems/actionpack-4.2.5/lib/action_dispatch/middleware/templates/rescues/_source.erb (5.2ms)
  Rendered /Users/williambrinkert/.rbenv/versions/2.2.1/lib/ruby/gems/2.2.0/gems/actionpack-4.2.5/lib/action_dispatch/middleware/templates/rescues/_trace.html.erb (2.1ms)
  Rendered /Users/williambrinkert/.rbenv/versions/2.2.1/lib/ruby/gems/2.2.0/gems/actionpack-4.2.5/lib/action_dispatch/middleware/templates/rescues/_request_and_response.html.erb (0.8ms)
  Rendered /Users/williambrinkert/.rbenv/versions/2.2.1/lib/ruby/gems/2.2.0/gems/actionpack-4.2.5/lib/action_dispatch/middleware/templates/rescues/template_error.html.erb within rescues/layout (52.9ms)
  Rendered /Users/williambrinkert/.rbenv/versions/2.2.1/lib/ruby/gems/2.2.0/gems/web-console-2.2.1/lib/web_console/templates/_markup.html.erb (0.4ms)
  Rendered /Users/williambrinkert/.rbenv/versions/2.2.1/lib/ruby/gems/2.2.0/gems/web-console-2.2.1/lib/web_console/templates/_inner_console_markup.html.erb within layouts/inlined_string (0.3ms)
  Rendered /Users/williambrinkert/.rbenv/versions/2.2.1/lib/ruby/gems/2.2.0/gems/web-console-2.2.1/lib/web_console/templates/_prompt_box_markup.html.erb within layouts/inlined_string (0.3ms)
  Rendered /Users/williambrinkert/.rbenv/versions/2.2.1/lib/ruby/gems/2.2.0/gems/web-console-2.2.1/lib/web_console/templates/style.css.erb within layouts/inlined_string (0.3ms)
  Rendered /Users/williambrinkert/.rbenv/versions/2.2.1/lib/ruby/gems/2.2.0/gems/web-console-2.2.1/lib/web_console/templates/console.js.erb within layouts/javascript (48.9ms)
  Rendered /Users/williambrinkert/.rbenv/versions/2.2.1/lib/ruby/gems/2.2.0/gems/web-console-2.2.1/lib/web_console/templates/main.js.erb within layouts/javascript (0.3ms)
  Rendered /Users/williambrinkert/.rbenv/versions/2.2.1/lib/ruby/gems/2.2.0/gems/web-console-2.2.1/lib/web_console/templates/error_page.js.erb within layouts/javascript (0.4ms)
  Rendered /Users/williambrinkert/.rbenv/versions/2.2.1/lib/ruby/gems/2.2.0/gems/web-console-2.2.1/lib/web_console/templates/index.html.erb (110.3ms)
